<?xml version="1.0" encoding="UTF-8"?>
<testng-results ignored="0" total="1" passed="1" failed="0" skipped="0">
  <reporter-output>
  </reporter-output>
  <suite started-at="2025-03-18T09:55:33 IST" name="Suite" finished-at="2025-03-18T09:55:57 IST" duration-ms="24384">
    <groups>
    </groups>
    <test started-at="2025-03-18T09:55:33 IST" name="Test" finished-at="2025-03-18T09:55:57 IST" duration-ms="24384">
      <class name="com.Sample.FirstTest">
        <test-method signature="TestGoogle()[pri:0, instance:com.Sample.FirstTest@4d1c00d0]" started-at="2025-03-18T09:55:33 IST" name="TestGoogle" finished-at="2025-03-18T09:55:57 IST" duration-ms="24226" status="PASS">
          <reporter-output>
          </reporter-output>
        </test-method> <!-- TestGoogle -->
      </class> <!-- com.Sample.FirstTest -->
    </test> <!-- Test -->
  </suite> <!-- Suite -->
</testng-results>
