<?xml version="1.0" encoding="UTF-8"?>
<testng-results ignored="0" total="1" passed="1" failed="0" skipped="0">
  <reporter-output>
  </reporter-output>
  <suite started-at="2025-03-17T22:39:17 IST" name="Default suite" finished-at="2025-03-17T22:39:42 IST" duration-ms="25174">
    <groups>
    </groups>
    <test started-at="2025-03-17T22:39:17 IST" name="Default test" finished-at="2025-03-17T22:39:42 IST" duration-ms="25174">
      <class name="com.Sample.FirstTest">
        <test-method signature="TestGoogle()[pri:0, instance:com.Sample.FirstTest@4d1c00d0]" started-at="2025-03-17T22:39:17 IST" name="TestGoogle" finished-at="2025-03-17T22:39:42 IST" duration-ms="24961" status="PASS">
          <reporter-output>
          </reporter-output>
        </test-method> <!-- TestGoogle -->
      </class> <!-- com.Sample.FirstTest -->
    </test> <!-- Default test -->
  </suite> <!-- Default suite -->
</testng-results>
